21-40-05  10:40:07 INFO :com.nv.client.Test[main] ******Welcome To  Library****** 
21-40-05  10:40:22 INFO :com.nv.client.Test[studentShowMenu] Exit 
21-52-05  11:52:21 INFO :com.nv.client.Test[main] ******Welcome To Library****** 
21-20-05  03:20:22 INFO :com.nv.client.Test[main] ******Welcome To Library****** 
21-24-05  06:24:06 INFO :com.nv.main.MainClass[main] .......Welcome To Library...... 
21-16-06  02:16:52 INFO :com.nv.main.MainClass[main] .......Welcome To Library...... 
21-17-06  02:17:57 INFO :com.nv.main.MainClass[main] .......Welcome To Library...... 
21-19-06  02:19:50 INFO :com.nv.main.MainClass[main] .......Welcome To Library...... 
21-20-06  02:20:00 ERROR :com.nv.main.MainClass[main] .......Wrong credentials...... 
21-23-06  02:23:40 INFO :com.nv.main.MainClass[main] .......Welcome To Library...... 
21-23-06  02:23:46 ERROR :com.nv.main.MainClass[main] .......Wrong credentials...... 
21-25-06  02:25:10 INFO :com.nv.main.MainClass[main] .......Welcome To Library...... 
21-25-06  02:25:15 ERROR :com.nv.main.MainClass[main] .......Wrong credentials...... 
21-25-06  02:25:23 ERROR :com.nv.main.MainClass[main] .......Wrong credentials...... 
21-27-06  02:27:26 INFO :com.nv.main.MainClass[main] .......Welcome To Library...... 
21-27-06  02:27:30 ERROR :com.nv.main.MainClass[main] .......Wrong credentials...... 
21-41-06  02:41:42 INFO :com.nv.main.MainClass[main] .......Welcome To Library...... 
21-41-06  02:41:48 ERROR :com.nv.main.MainClass[main] .......Wrong credentials...... 
21-52-06  02:52:52 INFO :com.nv.main.MainClass[main] .......Welcome To Library...... 
21-53-06  02:53:03 ERROR :com.nv.main.MainClass[main] .......Wrong credentials...... 
21-53-06  02:53:28 INFO :com.nv.main.MainClass[main] .......Welcome To Library...... 
21-53-06  02:53:35 ERROR :com.nv.main.MainClass[main] .......Wrong credentials...... 
21-07-06  03:07:12 INFO :com.nv.main.MainClass[main] .......Welcome To Library...... 
21-07-06  03:07:20 ERROR :com.nv.main.MainClass[main] .......Wrong credentials...... 
21-28-06  03:28:01 INFO :com.nv.main.MainClass[main] .......Welcome To Library...... 
21-28-06  03:28:08 ERROR :com.nv.main.MainClass[main] .......Wrong credentials...... 
21-28-06  03:28:38 INFO :com.nv.main.MainClass[main] .......Welcome To Library...... 
21-28-06  03:28:43 ERROR :com.nv.main.MainClass[main] .......Wrong credentials...... 
21-30-06  03:30:12 INFO :com.nv.main.MainClass[main] .......Welcome To Library...... 
21-32-06  03:32:57 INFO :com.nv.main.MainClass[main] .......Welcome To Library...... 
21-35-06  03:35:15 INFO :com.nv.main.MainClass[main] .......Welcome To Library...... 
21-52-06  03:52:05 INFO :com.nv.main.MainClass[main] .......Welcome To Library...... 
21-53-06  03:53:55 INFO :com.nv.main.MainClass[main] .......Welcome To Library...... 
21-55-06  03:55:08 INFO :com.nv.main.MainClass[main] .......Welcome To Library...... 
21-07-06  04:07:02 INFO :com.nv.main.MainClass[main] .......Welcome To Library...... 
21-07-06  04:07:11 ERROR :com.nv.main.MainClass[main] .......Wrong credentials...... 
21-09-06  04:09:28 INFO :com.nv.main.MainClass[main] .......Welcome To Library...... 
21-09-06  04:09:37 ERROR :com.nv.main.MainClass[main] .......Wrong credentials...... 
21-11-06  04:11:23 INFO :com.nv.main.MainClass[main] .......Welcome To Library...... 
21-11-06  04:11:30 ERROR :com.nv.main.MainClass[main] .......Wrong credentials...... 
21-29-06  04:29:02 INFO :com.nv.main.MainClass[main] .......Welcome To Library...... 
21-29-06  04:29:08 ERROR :com.nv.main.MainClass[main] .......Wrong credentials...... 
21-29-06  04:29:34 INFO :com.nv.main.MainClass[main] .......Welcome To Library...... 
21-29-06  04:29:50 INFO :com.nv.main.MainClass[librarianShowMenu] successfully LogOut 
21-30-06  04:30:55 INFO :com.nv.main.MainClass[main] .......Welcome To Library...... 
21-31-06  04:31:03 ERROR :com.nv.main.MainClass[main] .......Wrong credentials...... 
21-32-06  04:32:08 INFO :com.nv.main.MainClass[main] .......Welcome To Library...... 
21-32-06  04:32:24 ERROR :com.nv.main.MainClass[main] .......Wrong credentials...... 
21-33-06  04:33:01 INFO :com.nv.main.MainClass[main] .......Welcome To Library...... 
21-33-06  04:33:09 ERROR :com.nv.main.MainClass[main] .......Wrong credentials...... 
21-36-06  04:36:06 INFO :com.nv.main.MainClass[main] .......Welcome To Library...... 
21-36-06  04:36:19 INFO :com.nv.main.MainClass[librarianShowMenu] successfully LogOut 
21-36-06  04:36:58 INFO :com.nv.main.MainClass[main] .......Welcome To Library...... 
21-37-06  04:37:06 INFO :com.nv.main.MainClass[librarianShowMenu] successfully LogOut 
21-14-06  10:14:28 INFO :com.nv.main.MainClass[studentShowMenu] Exit 
21-17-07  10:17:39 INFO :com.nv.main.MainClass[main] .......Welcome To Library...... 
21-17-07  10:17:51 INFO :com.nv.main.MainClass[studentShowMenu] WelCome... 
21-17-07  10:17:58 INFO :com.nv.main.MainClass[studentShowMenu] Exit 
21-22-07  10:22:02 INFO :com.nv.main.MainClass[main] .......Welcome To Library...... 
21-22-07  10:22:10 INFO :com.nv.main.MainClass[studentShowMenu] WelCome... 
21-22-07  10:22:51 INFO :com.nv.main.MainClass[main] .......Welcome To Library...... 
21-23-07  10:23:22 INFO :com.nv.service.impl.BookServiceImpl[addBookStatus] ....Book Added Successfully.... 
21-24-07  10:24:33 INFO :com.nv.main.MainClass[main] .......Welcome To Library...... 
21-24-07  10:24:41 INFO :com.nv.main.MainClass[studentShowMenu] WelCome... 
21-25-07  10:25:07 INFO :com.nv.main.MainClass[studentShowMenu] Exit 
21-49-07  10:49:33 INFO :com.nv.main.MainClass[main] .......Welcome To Library...... 
21-49-07  10:49:56 INFO :com.nv.main.MainClass[main] .......Welcome To Library...... 
21-50-07  10:50:00 INFO :com.nv.main.MainClass[studentShowMenu] WelCome... 
21-51-07  10:51:32 INFO :com.nv.main.MainClass[studentShowMenu] Exit 
21-11-07  11:11:17 INFO :com.nv.main.MainClass[main] .......Welcome To Library...... 
21-11-07  11:11:26 INFO :com.nv.main.MainClass[studentShowMenu] WelCome... 
21-11-07  11:11:35 INFO :com.nv.main.MainClass[studentShowMenu] Exit 
21-14-07  11:14:18 INFO :com.nv.main.MainClass[main] .......Welcome To Library...... 
21-32-07  11:32:02 INFO :com.nv.main.MainClass[main] .......Welcome To Library...... 
21-32-07  11:32:17 INFO :com.nv.main.MainClass[main] .......Welcome To Library...... 
21-18-07  01:18:53 INFO :com.nv.main.MainClass[main] .......Welcome To Library...... 
21-19-07  01:19:11 ERROR :com.nv.main.MainClass[main] .......Wrong credentials...... 
21-19-07  01:19:49 INFO :com.nv.main.MainClass[main] .......Welcome To Library...... 
21-19-07  01:19:55 INFO :com.nv.main.MainClass[studentShowMenu] WelCome... 
21-20-07  01:20:13 INFO :com.nv.service.impl.StudentServiceImpl[addStudentStatus] ....Not registered.... 
21-20-07  01:20:13 INFO :com.nv.main.MainClass[studentShowMenu] WelCome... 
21-22-07  01:22:06 INFO :com.nv.main.MainClass[main] .......Welcome To Library...... 
21-22-07  01:22:12 INFO :com.nv.main.MainClass[studentShowMenu] WelCome... 
21-22-07  01:22:27 INFO :com.nv.service.impl.StudentServiceImpl[addStudentStatus] ....Not registered.... 
21-22-07  01:22:27 INFO :com.nv.main.MainClass[studentShowMenu] WelCome... 
21-22-07  01:22:56 INFO :com.nv.service.impl.StudentServiceImpl[addStudentStatus] ....Not registered.... 
21-22-07  01:22:56 INFO :com.nv.main.MainClass[studentShowMenu] WelCome... 
21-23-07  01:23:16 INFO :com.nv.main.MainClass[studentShowMenu] Exit 
21-27-07  01:27:07 INFO :com.nv.main.MainClass[main] .......Welcome To Library...... 
21-27-07  01:27:13 INFO :com.nv.main.MainClass[studentShowMenu] WelCome... 
21-27-07  01:27:24 INFO :com.nv.service.impl.StudentServiceImpl[addStudentStatus] ....Not registered.... 
21-27-07  01:27:24 INFO :com.nv.main.MainClass[studentShowMenu] WelCome... 
21-27-07  01:27:33 INFO :com.nv.main.MainClass[studentShowMenu] Exit 
21-48-07  01:48:25 INFO :com.nv.main.MainClass[main] .......Welcome To Library...... 
21-48-07  01:48:33 INFO :com.nv.main.MainClass[studentShowMenu] WelCome... 
21-48-07  01:48:50 INFO :com.nv.service.impl.StudentServiceImpl[addStudentStatus] ....Not registered.... 
21-48-07  01:48:50 INFO :com.nv.main.MainClass[studentShowMenu] WelCome... 
21-48-07  01:48:58 INFO :com.nv.main.MainClass[studentShowMenu] Exit 
21-58-07  01:58:20 INFO :com.nv.main.MainClass[main] .......Welcome To Library...... 
21-58-07  01:58:24 INFO :com.nv.main.MainClass[studentShowMenu] WelCome... 
21-58-07  01:58:31 INFO :com.nv.service.impl.StudentServiceImpl[addStudentStatus] ...Your Registration is successfullly... 
21-58-07  01:58:31 INFO :com.nv.main.MainClass[studentShowMenu] WelCome... 
21-58-07  01:58:38 INFO :com.nv.main.MainClass[studentShowMenu] WelCome... 
21-59-07  01:59:19 INFO :com.nv.main.MainClass[studentShowMenu] Student Logged Out successfully 
21-40-08  09:40:24 INFO :com.nv.main.MainClass[main] .......Welcome To Library...... 
21-40-08  09:40:31 INFO :com.nv.main.MainClass[studentShowMenu] WelCome... 
21-40-08  09:40:51 INFO :com.nv.service.impl.StudentServiceImpl[addStudentStatus] ...Your Registration is successfullly... 
21-40-08  09:40:51 INFO :com.nv.main.MainClass[studentShowMenu] WelCome... 
21-40-08  09:40:59 INFO :com.nv.main.MainClass[studentShowMenu] Student Logged Out successfully 
21-51-08  09:51:45 INFO :com.nv.main.MainClass[main] .......Welcome To Library...... 
21-54-08  09:54:48 INFO :com.nv.main.MainClass[main] .......Welcome To Library...... 
21-54-08  09:54:58 INFO :com.nv.main.MainClass[studentShowMenu] WelCome... 
21-55-08  09:55:05 INFO :com.nv.main.MainClass[studentShowMenu] WelCome... 
21-55-08  09:55:10 INFO :com.nv.main.MainClass[studentShowMenu] WelCome... 
21-55-08  09:55:17 INFO :com.nv.main.MainClass[studentShowMenu] Exit 
21-55-08  09:55:20 INFO :com.nv.main.MainClass[main] .......Welcome To Library...... 
21-58-08  09:58:02 INFO :com.nv.main.MainClass[main] .......Welcome To Library...... 
21-58-08  09:58:07 INFO :com.nv.main.MainClass[studentShowMenu] WelCome... 
21-58-08  09:58:10 INFO :com.nv.main.MainClass[studentShowMenu] WelCome... 
21-58-08  09:58:14 INFO :com.nv.main.MainClass[studentShowMenu] WelCome... 
21-01-08  10:01:10 INFO :com.nv.main.MainClass[main] .......Welcome To Library...... 
21-01-08  10:01:15 INFO :com.nv.main.MainClass[studentShowMenu] WelCome... 
21-01-08  10:01:18 INFO :com.nv.main.MainClass[studentShowMenu] WelCome... 
21-01-08  10:01:21 INFO :com.nv.main.MainClass[studentShowMenu] WelCome... 
21-01-08  10:01:28 INFO :com.nv.main.MainClass[studentShowMenu] Exit 
21-08-08  10:08:31 INFO :com.nv.main.MainClass[main] .......Welcome To Library...... 
21-09-08  10:09:30 INFO :com.nv.service.impl.BookServiceImpl[addBookStatus] ....Book Added Successfully.... 
21-10-08  10:10:31 INFO :com.nv.main.MainClass[main] .......Welcome To Library...... 
21-10-08  10:10:38 INFO :com.nv.main.MainClass[studentShowMenu] WelCome... 
21-10-08  10:10:41 INFO :com.nv.main.MainClass[studentShowMenu] WelCome... 
21-10-08  10:10:45 INFO :com.nv.main.MainClass[studentShowMenu] WelCome... 
21-11-08  10:11:14 INFO :com.nv.service.impl.BookServiceImpl[issueBook] Book Issued Successfully 
21-11-08  10:11:14 INFO :com.nv.main.MainClass[studentShowMenu] WelCome... 
21-11-08  10:11:20 INFO :com.nv.main.MainClass[studentShowMenu] WelCome... 
21-11-08  10:11:26 INFO :com.nv.main.MainClass[studentShowMenu] Exit 
21-19-08  10:19:39 INFO :com.nv.main.MainClass[main] .......Welcome To Library...... 
21-19-08  10:19:47 INFO :com.nv.main.MainClass[studentShowMenu] WelCome... 
21-19-08  10:19:50 INFO :com.nv.main.MainClass[studentShowMenu] WelCome... 
21-19-08  10:19:53 INFO :com.nv.main.MainClass[studentShowMenu] WelCome... 
21-20-08  10:20:14 INFO :com.nv.service.impl.BookServiceImpl[issueBook] Book Issued Successfully 
21-20-08  10:20:14 INFO :com.nv.main.MainClass[studentShowMenu] WelCome... 
21-20-08  10:20:26 INFO :com.nv.main.MainClass[studentShowMenu] WelCome... 
21-20-08  10:20:37 INFO :com.nv.main.MainClass[studentShowMenu] Exit 
21-21-08  10:21:42 INFO :com.nv.main.MainClass[main] .......Welcome To Library...... 
21-21-08  10:21:49 INFO :com.nv.main.MainClass[studentShowMenu] WelCome... 
21-21-08  10:21:50 INFO :com.nv.main.MainClass[studentShowMenu] WelCome... 
21-22-08  10:22:01 INFO :com.nv.main.MainClass[studentShowMenu] WelCome... 
21-22-08  10:22:16 INFO :com.nv.main.MainClass[studentShowMenu] WelCome... 
21-22-08  10:22:25 INFO :com.nv.main.MainClass[studentShowMenu] Exit 
21-38-08  10:38:54 INFO :com.nv.main.MainClass[main] .......Welcome To Library...... 
21-40-08  10:40:12 INFO :com.nv.main.MainClass[main] .......Welcome To Library...... 
21-40-08  10:40:18 INFO :com.nv.main.MainClass[studentShowMenu] WelCome... 
21-40-08  10:40:24 INFO :com.nv.main.MainClass[studentShowMenu] WelCome... 
21-40-08  10:40:27 INFO :com.nv.main.MainClass[studentShowMenu] WelCome... 
21-43-08  10:43:43 INFO :com.nv.main.MainClass[studentShowMenu] Exit 
21-46-08  10:46:17 INFO :com.nv.main.MainClass[main] .......Welcome To Library...... 
21-46-08  10:46:24 INFO :com.nv.main.MainClass[studentShowMenu] WelCome... 
21-46-08  10:46:38 INFO :com.nv.main.MainClass[studentShowMenu] WelCome... 
21-46-08  10:46:41 INFO :com.nv.main.MainClass[studentShowMenu] WelCome... 
21-47-08  10:47:22 INFO :com.nv.main.MainClass[studentShowMenu] Exit 
21-54-08  10:54:53 INFO :com.nv.main.MainClass[main] .......Welcome To Library...... 
21-55-08  10:55:00 INFO :com.nv.main.MainClass[studentShowMenu] WelCome... 
21-55-08  10:55:05 INFO :com.nv.main.MainClass[studentShowMenu] WelCome... 
21-55-08  10:55:12 INFO :com.nv.main.MainClass[studentShowMenu] Exit 
21-56-08  10:56:19 INFO :com.nv.main.MainClass[main] .......Welcome To Library...... 
21-56-08  10:56:26 INFO :com.nv.main.MainClass[studentShowMenu] WelCome... 
21-56-08  10:56:34 INFO :com.nv.main.MainClass[studentShowMenu] WelCome... 
21-56-08  10:56:47 INFO :com.nv.main.MainClass[studentShowMenu] Exit 
21-01-08  11:01:45 INFO :com.nv.main.MainClass[main] .......Welcome To Library...... 
21-01-08  11:01:54 INFO :com.nv.main.MainClass[studentShowMenu] WelCome... 
21-02-08  11:02:07 INFO :com.nv.main.MainClass[studentShowMenu] WelCome... 
21-03-08  11:03:16 INFO :com.nv.main.MainClass[main] .......Welcome To Library...... 
21-03-08  11:03:25 INFO :com.nv.main.MainClass[studentShowMenu] WelCome... 
21-03-08  11:03:30 INFO :com.nv.main.MainClass[studentShowMenu] WelCome... 
21-03-08  11:03:39 INFO :com.nv.main.MainClass[studentShowMenu] Exit 
21-57-08  11:57:38 INFO :com.nv.main.MainClass[main] .......Welcome To Library...... 
21-59-08  11:59:07 INFO :com.nv.main.MainClass[librarianShowMenu] successfully LogOut 
21-59-08  11:59:16 INFO :com.nv.main.MainClass[studentShowMenu] WelCome... 
21-59-08  11:59:22 INFO :com.nv.main.MainClass[studentShowMenu] WelCome... 
21-59-08  11:59:58 INFO :com.nv.main.MainClass[studentShowMenu] WelCome... 
21-00-08  12:00:38 INFO :com.nv.service.impl.BookServiceImpl[issueBook] Book Issued Successfully 
21-00-08  12:00:38 INFO :com.nv.main.MainClass[studentShowMenu] WelCome... 
21-00-08  12:00:49 INFO :com.nv.main.MainClass[studentShowMenu] WelCome... 
21-01-08  12:01:04 INFO :com.nv.main.MainClass[studentShowMenu] WelCome... 
21-01-08  12:01:25 INFO :com.nv.main.MainClass[studentShowMenu] Student Logged Out successfully 
